[+] Containers:
 |- [+] Container: /Game/Locked-In/Maps/FirstPersonMap
 |   |- [+] ActorDescs:
 |   |   |- Guid:014139064B272AE31FF877B819CB5734 NativeClass:/Script/Engine.StaticMeshActor Name:StaticMeshActor_8 Label:SM_ChamferCube3 SpatiallyLoaded:true EditorBounds:IsValid=true, Min=(X=-1302.452 Y=317.548 Z=0.063), Max=(X=-1097.548 Y=522.452 Z=150.063) RuntimeBounds:IsValid=true, Min=(X=-1302.452 Y=317.548 Z=0.063), Max=(X=-1097.548 Y=522.452 Z=150.063) RuntimeGrid:None EditorOnly:false RuntimeOnly:false HLODRelevant:false ListedInSceneOutliner:true IsMainWorldOnly:false FolderPath:SimulatedCubes FolderGuid:9AEEADCB4DC6C647D6E7C0B4EDA1744F
 |   |   |- Guid:0EDB289B45CB7E0977A6DBA74201EE76 NativeClass:/Script/Engine.StaticMeshActor Name:StaticMeshActor_10 Label:SM_Cube6 SpatiallyLoaded:true EditorBounds:IsValid=true, Min=(X=1340.000 Y=-1710.000 Z=0.000), Max=(X=1440.000 Y=1590.000 Z=400.000) RuntimeBounds:IsValid=true, Min=(X=1340.000 Y=-1710.000 Z=0.000), Max=(X=1440.000 Y=1590.000 Z=400.000) RuntimeGrid:None EditorOnly:false RuntimeOnly:false HLODRelevant:true ListedInSceneOutliner:true IsMainWorldOnly:false FolderPath:Playground FolderGuid:6C02BB504B69D1F3D7A624B130C18E5B
 |   |   |- Guid:21262252453B37957EF29F82ABA2413B NativeClass:/Script/Engine.TextRenderActor Name:TextRenderActor_1 Label:TextRenderActor SpatiallyLoaded:true EditorBounds:IsValid=true, Min=(X=-1688.100 Y=-708.000 Z=12.013), Max=(X=-1432.100 Y=683.461 Z=268.013) RuntimeBounds:IsValid=true, Min=(X=-1560.100 Y=-580.000 Z=65.013), Max=(X=-1560.100 Y=683.461 Z=215.013) RuntimeGrid:None EditorOnly:false RuntimeOnly:false HLODRelevant:false ListedInSceneOutliner:true IsMainWorldOnly:false
 |   |   |- Guid:2A78EF094E089635A07B30AB9A046A81 NativeClass:/Script/Engine.StaticMeshActor Name:StaticMeshActor_47 Label:SM_ChamferCube13 SpatiallyLoaded:true EditorBounds:IsValid=true, Min=(X=-1309.703 Y=1284.568 Z=100.013), Max=(X=-1168.820 Y=1425.451 Z=200.013) RuntimeBounds:IsValid=true, Min=(X=-1309.703 Y=1284.568 Z=100.013), Max=(X=-1168.820 Y=1425.451 Z=200.013) RuntimeGrid:None EditorOnly:false RuntimeOnly:false HLODRelevant:false ListedInSceneOutliner:true IsMainWorldOnly:false FolderPath:SimulatedCubes FolderGuid:9AEEADCB4DC6C647D6E7C0B4EDA1744F
 |   |   |- Guid:373BCADC4E0B3E726ED494AC5627B351 NativeClass:/Script/Engine.StaticMeshActor Name:StaticMeshActor_40 Label:SM_ChamferCube8 SpatiallyLoaded:true EditorBounds:IsValid=true, Min=(X=753.116 Y=-536.884 Z=0.063), Max=(X=926.884 Y=-363.116 Z=150.063) RuntimeBounds:IsValid=true, Min=(X=753.116 Y=-536.884 Z=0.063), Max=(X=926.884 Y=-363.116 Z=150.063) RuntimeGrid:None EditorOnly:false RuntimeOnly:false HLODRelevant:false ListedInSceneOutliner:true IsMainWorldOnly:false FolderPath:SimulatedCubes FolderGuid:9AEEADCB4DC6C647D6E7C0B4EDA1744F
 |   |   |- Guid:503301344EDD2580C9B8269BA1FF0C83 NativeClass:/Script/Engine.StaticMeshActor Name:StaticMeshActor_29 Label:SM_ChamferCube4 SpatiallyLoaded:true EditorBounds:IsValid=true, Min=(X=-1225.662 Y=-1475.662 Z=0.063), Max=(X=-1014.338 Y=-1264.338 Z=150.063) RuntimeBounds:IsValid=true, Min=(X=-1225.662 Y=-1475.662 Z=0.063), Max=(X=-1014.338 Y=-1264.338 Z=150.063) RuntimeGrid:None EditorOnly:false RuntimeOnly:false HLODRelevant:false ListedInSceneOutliner:true IsMainWorldOnly:false FolderPath:SimulatedCubes FolderGuid:9AEEADCB4DC6C647D6E7C0B4EDA1744F
 |   |   |- Guid:573177074D0ADB4DA9A357AE2A5CADA8 NativeClass:/Script/Engine.StaticMeshActor Name:StaticMeshActor_49 Label:SM_ChamferCube14 SpatiallyLoaded:true EditorBounds:IsValid=true, Min=(X=920.411 Y=492.371 Z=0.013), Max=(X=1020.411 Y=592.371 Z=100.013) RuntimeBounds:IsValid=true, Min=(X=920.411 Y=492.371 Z=0.013), Max=(X=1020.411 Y=592.371 Z=100.013) RuntimeGrid:None EditorOnly:false RuntimeOnly:false HLODRelevant:false ListedInSceneOutliner:true IsMainWorldOnly:false FolderPath:SimulatedCubes FolderGuid:9AEEADCB4DC6C647D6E7C0B4EDA1744F
 |   |   |- Guid:5FE7584649BB6F09265329A6C57CFD0D NativeClass:/Script/Engine.VolumetricCloud Name:VolumetricCloud_0 Label:VolumetricCloud SpatiallyLoaded:false EditorBounds:IsValid=true, Min=(X=-128.000 Y=-128.000 Z=692.000), Max=(X=128.000 Y=128.000 Z=948.000) RuntimeBounds:IsValid=true, Min=(X=0.000 Y=0.000 Z=820.000), Max=(X=0.000 Y=0.000 Z=820.000) RuntimeGrid:None EditorOnly:false RuntimeOnly:false HLODRelevant:false ListedInSceneOutliner:true IsMainWorldOnly:false FolderPath:Lighting FolderGuid:0BA5F0A04EADB18E70D5B180D08FA34B
 |   |   |- Guid:61391D344900612A77DFC3BA3E354907 NativeClass:/Script/Engine.ExponentialHeightFog Name:ExponentialHeightFog_0 Label:ExponentialHeightFog SpatiallyLoaded:false EditorBounds:IsValid=true, Min=(X=-5728.000 Y=-178.000 Z=-6978.000), Max=(X=-5472.000 Y=78.000 Z=-6722.000) RuntimeBounds:IsValid=true, Min=(X=-5600.000 Y=-50.000 Z=-6850.000), Max=(X=-5600.000 Y=-50.000 Z=-6850.000) RuntimeGrid:None EditorOnly:false RuntimeOnly:false HLODRelevant:false ListedInSceneOutliner:true IsMainWorldOnly:false FolderPath:Lighting FolderGuid:0BA5F0A04EADB18E70D5B180D08FA34B
 |   |   |- Guid:6B9F7C52434CCF99C7551893412C2C21 NativeClass:/Script/Engine.StaticMeshActor Name:StaticMeshActor_51 Label:SM_ChamferCube16 SpatiallyLoaded:true EditorBounds:IsValid=true, Min=(X=920.411 Y=437.371 Z=100.013), Max=(X=1020.411 Y=537.371 Z=200.013) RuntimeBounds:IsValid=true, Min=(X=920.411 Y=437.371 Z=100.013), Max=(X=1020.411 Y=537.371 Z=200.013) RuntimeGrid:None EditorOnly:false RuntimeOnly:false HLODRelevant:false ListedInSceneOutliner:true IsMainWorldOnly:false FolderPath:SimulatedCubes FolderGuid:9AEEADCB4DC6C647D6E7C0B4EDA1744F
 |   |   |- Guid:6FEFB3BD4EB37B849EF0D4AC80F83855 NativeClass:/Script/Engine.WorldDataLayers Name:WorldDataLayers Label:WorldDataLayers SpatiallyLoaded:false EditorBounds:IsValid=false, Min=(X=0.000 Y=0.000 Z=0.000), Max=(X=0.000 Y=0.000 Z=0.000) RuntimeBounds:IsValid=false, Min=(X=0.000 Y=0.000 Z=0.000), Max=(X=0.000 Y=0.000 Z=0.000) RuntimeGrid:None EditorOnly:false RuntimeOnly:false HLODRelevant:false ListedInSceneOutliner:true IsMainWorldOnly:true
 |   |   |- Guid:764666EF4316C7851F06859A678454F2 NativeClass:/Script/Engine.StaticMeshActor Name:StaticMeshActor_46 Label:SM_ChamferCube12 SpatiallyLoaded:true EditorBounds:IsValid=true, Min=(X=-1355.665 Y=1246.000 Z=0.013), Max=(X=-1214.782 Y=1386.884 Z=100.013) RuntimeBounds:IsValid=true, Min=(X=-1355.665 Y=1246.000 Z=0.013), Max=(X=-1214.782 Y=1386.884 Z=100.013) RuntimeGrid:None EditorOnly:false RuntimeOnly:false HLODRelevant:false ListedInSceneOutliner:true IsMainWorldOnly:false FolderPath:SimulatedCubes FolderGuid:9AEEADCB4DC6C647D6E7C0B4EDA1744F
 |   |   |- Guid:78907B824E304E162A9A02B9095F1FA1 NativeClass:/Script/Engine.StaticMeshActor Name:StaticMeshActor_43 Label:SM_ChamferCube9 SpatiallyLoaded:true EditorBounds:IsValid=true, Min=(X=-368.708 Y=-1480.801 Z=0.013), Max=(X=-232.106 Y=-1344.199 Z=100.013) RuntimeBounds:IsValid=true, Min=(X=-368.708 Y=-1480.801 Z=0.013), Max=(X=-232.106 Y=-1344.199 Z=100.013) RuntimeGrid:None EditorOnly:false RuntimeOnly:false HLODRelevant:false ListedInSceneOutliner:true IsMainWorldOnly:false FolderPath:SimulatedCubes FolderGuid:9AEEADCB4DC6C647D6E7C0B4EDA1744F
 |   |   |- Guid:78CAF7514C7533F30BD2F19A017AAB65 NativeClass:/Script/Engine.StaticMeshActor Name:StaticMeshActor_0 Label:SM_Cube SpatiallyLoaded:true EditorBounds:IsValid=true, Min=(X=-1560.000 Y=-1680.000 Z=-50.000), Max=(X=1440.000 Y=1820.000 Z=0.000) RuntimeBounds:IsValid=true, Min=(X=-1560.000 Y=-1680.000 Z=-50.000), Max=(X=1440.000 Y=1820.000 Z=0.000) RuntimeGrid:None EditorOnly:false RuntimeOnly:false HLODRelevant:true ListedInSceneOutliner:true IsMainWorldOnly:false FolderPath:Playground FolderGuid:6C02BB504B69D1F3D7A624B130C18E5B
 |   |   |- Guid:7DCFF2144714F0843D87428AC48CE4F4 NativeClass:/Script/Engine.StaticMeshActor Name:StaticMeshActor_24 Label:SM_ChamferCube17 SpatiallyLoaded:true EditorBounds:IsValid=true, Min=(X=-1195.681 Y=-565.099 Z=0.013), Max=(X=-1067.509 Y=-436.927 Z=100.013) RuntimeBounds:IsValid=true, Min=(X=-1195.681 Y=-565.099 Z=0.013), Max=(X=-1067.509 Y=-436.927 Z=100.013) RuntimeGrid:None EditorOnly:false RuntimeOnly:false HLODRelevant:false ListedInSceneOutliner:true IsMainWorldOnly:false FolderPath:SimulatedCubes FolderGuid:9AEEADCB4DC6C647D6E7C0B4EDA1744F
 |   |   |- Guid:8559D1384B14F466E8927697A36C1D78 NativeClass:/Script/Engine.StaticMeshActor Name:StaticMeshActor_9 Label:SM_Cube5 SpatiallyLoaded:true EditorBounds:IsValid=true, Min=(X=-1560.000 Y=-1580.000 Z=0.000), Max=(X=-1460.000 Y=1720.000 Z=400.000) RuntimeBounds:IsValid=true, Min=(X=-1560.000 Y=-1580.000 Z=0.000), Max=(X=-1460.000 Y=1720.000 Z=400.000) RuntimeGrid:None EditorOnly:false RuntimeOnly:false HLODRelevant:true ListedInSceneOutliner:true IsMainWorldOnly:false FolderPath:Playground FolderGuid:6C02BB504B69D1F3D7A624B130C18E5B
 |   |   |- Guid:8E9EA0F84D0FC901D6ABCF911C08AEE3 NativeClass:/Script/Engine.StaticMeshActor Name:StaticMeshActor_50 Label:SM_ChamferCube15 SpatiallyLoaded:true EditorBounds:IsValid=true, Min=(X=920.411 Y=377.371 Z=0.013), Max=(X=1020.411 Y=477.371 Z=100.013) RuntimeBounds:IsValid=true, Min=(X=920.411 Y=377.371 Z=0.013), Max=(X=1020.411 Y=477.371 Z=100.013) RuntimeGrid:None EditorOnly:false RuntimeOnly:false HLODRelevant:false ListedInSceneOutliner:true IsMainWorldOnly:false FolderPath:SimulatedCubes FolderGuid:9AEEADCB4DC6C647D6E7C0B4EDA1744F
 |   |   |- Guid:90B7B8D3420C2EABA931D3A6A69DF696 NativeClass:/Script/Engine.StaticMeshActor Name:StaticMeshActor_3 Label:SM_Cube2 SpatiallyLoaded:true EditorBounds:IsValid=true, Min=(X=-1560.000 Y=-1680.000 Z=0.000), Max=(X=1440.000 Y=-1580.000 Z=400.000) RuntimeBounds:IsValid=true, Min=(X=-1560.000 Y=-1680.000 Z=0.000), Max=(X=1440.000 Y=-1580.000 Z=400.000) RuntimeGrid:None EditorOnly:false RuntimeOnly:false HLODRelevant:true ListedInSceneOutliner:true IsMainWorldOnly:false FolderPath:Playground FolderGuid:6C02BB504B69D1F3D7A624B130C18E5B
 |   |   |- Guid:A354B1B24E617A525DC6B48CCDE2417E NativeClass:/Script/Engine.PlayerStart Name:PlayerStart_0 Label:PlayerStart SpatiallyLoaded:false EditorBounds:IsValid=true, Min=(X=-128.000 Y=-128.000 Z=-128.000), Max=(X=240.000 Y=128.000 Z=128.000) RuntimeBounds:IsValid=true, Min=(X=-40.000 Y=-40.000 Z=-92.000), Max=(X=40.000 Y=40.000 Z=92.000) RuntimeGrid:None EditorOnly:false RuntimeOnly:false HLODRelevant:false ListedInSceneOutliner:true IsMainWorldOnly:false
 |   |   |- Guid:B0718D6846706384220C03973177EDC1 NativeClass:/Script/Engine.StaticMeshActor Name:StaticMeshActor_44 Label:SM_ChamferCube10 SpatiallyLoaded:true EditorBounds:IsValid=true, Min=(X=-420.670 Y=-1510.801 Z=100.013), Max=(X=-284.067 Y=-1374.199 Z=200.013) RuntimeBounds:IsValid=true, Min=(X=-420.670 Y=-1510.801 Z=100.013), Max=(X=-284.067 Y=-1374.199 Z=200.013) RuntimeGrid:None EditorOnly:false RuntimeOnly:false HLODRelevant:false ListedInSceneOutliner:true IsMainWorldOnly:false FolderPath:SimulatedCubes FolderGuid:9AEEADCB4DC6C647D6E7C0B4EDA1744F
 |   |   |- Guid:C0C56B9644AE3D40CAFF6A878DB29844 NativeClass:/Script/Engine.StaticMeshActor Name:StaticMeshActor_UAID_A4AE111137DC5EFB00_2001720423 Label:SM_SkySphere SpatiallyLoaded:false EditorBounds:IsValid=true, Min=(X=-1638400.000 Y=-1638400.000 Z=-1638400.000), Max=(X=1638400.000 Y=1638400.000 Z=1638400.000) RuntimeBounds:IsValid=true, Min=(X=-1638400.000 Y=-1638400.000 Z=-1638400.000), Max=(X=1638400.000 Y=1638400.000 Z=1638400.000) RuntimeGrid:None EditorOnly:false RuntimeOnly:false HLODRelevant:false ListedInSceneOutliner:true IsMainWorldOnly:false FolderPath:Lighting FolderGuid:0BA5F0A04EADB18E70D5B180D08FA34B
 |   |   |- Guid:C22CE07C4B87D685137FDBBC10FC92C6 NativeClass:/Script/Engine.SkyAtmosphere Name:SkyAtmosphere_0 Label:SkyAtmosphere SpatiallyLoaded:false EditorBounds:IsValid=true, Min=(X=-128.000 Y=-128.000 Z=892.000), Max=(X=240.000 Y=128.000 Z=1148.000) RuntimeBounds:IsValid=true, Min=(X=0.000 Y=0.000 Z=1020.000), Max=(X=0.000 Y=0.000 Z=1020.000) RuntimeGrid:None EditorOnly:false RuntimeOnly:false HLODRelevant:false ListedInSceneOutliner:true IsMainWorldOnly:false FolderPath:Lighting FolderGuid:0BA5F0A04EADB18E70D5B180D08FA34B
 |   |   |- Guid:CE8D82634660FCDB3120E2B8D547C533 NativeClass:/Script/Engine.PostProcessVolume Name:PostProcessVolume_0 Label:PostProcessVolume SpatiallyLoaded:false EditorBounds:IsValid=true, Min=(X=0.000 Y=0.000 Z=400.000), Max=(X=200.000 Y=200.000 Z=600.000) RuntimeBounds:IsValid=true, Min=(X=0.000 Y=0.000 Z=400.000), Max=(X=200.000 Y=200.000 Z=600.000) RuntimeGrid:None EditorOnly:false RuntimeOnly:false HLODRelevant:false ListedInSceneOutliner:true IsMainWorldOnly:false FolderPath:Lighting FolderGuid:0BA5F0A04EADB18E70D5B180D08FA34B
 |   |   |- Guid:D44940D943955A5965276FBBEA044017 NativeClass:/Script/Engine.StaticMeshActor Name:StaticMeshActor_20 Label:SM_ChamferCube2 SpatiallyLoaded:true EditorBounds:IsValid=true, Min=(X=-1235.013 Y=-673.163 Z=0.013), Max=(X=-1106.842 Y=-544.992 Z=100.013) RuntimeBounds:IsValid=true, Min=(X=-1235.013 Y=-673.163 Z=0.013), Max=(X=-1106.842 Y=-544.992 Z=100.013) RuntimeGrid:None EditorOnly:false RuntimeOnly:false HLODRelevant:false ListedInSceneOutliner:true IsMainWorldOnly:false FolderPath:SimulatedCubes FolderGuid:9AEEADCB4DC6C647D6E7C0B4EDA1744F
 |   |   |- Guid:D65CE26D4543AB64D3E1CE82A79B39D9 NativeClass:/Script/Engine.StaticMeshActor Name:StaticMeshActor_45 Label:SM_ChamferCube11 SpatiallyLoaded:true EditorBounds:IsValid=true, Min=(X=-1267.570 Y=1319.921 Z=0.013), Max=(X=-1126.687 Y=1460.804 Z=100.013) RuntimeBounds:IsValid=true, Min=(X=-1267.570 Y=1319.921 Z=0.013), Max=(X=-1126.687 Y=1460.804 Z=100.013) RuntimeGrid:None EditorOnly:false RuntimeOnly:false HLODRelevant:false ListedInSceneOutliner:true IsMainWorldOnly:false FolderPath:SimulatedCubes FolderGuid:9AEEADCB4DC6C647D6E7C0B4EDA1744F
 |   |   |- Guid:D935740A490176EB4702AF96F92450E8 NativeClass:/Script/Engine.StaticMeshActor Name:StaticMeshActor_38 Label:SM_ChamferCube18 SpatiallyLoaded:true EditorBounds:IsValid=true, Min=(X=-1216.202 Y=-621.480 Z=100.013), Max=(X=-1088.031 Y=-493.309 Z=200.013) RuntimeBounds:IsValid=true, Min=(X=-1216.202 Y=-621.480 Z=100.013), Max=(X=-1088.031 Y=-493.309 Z=200.013) RuntimeGrid:None EditorOnly:false RuntimeOnly:false HLODRelevant:false ListedInSceneOutliner:true IsMainWorldOnly:false FolderPath:SimulatedCubes FolderGuid:9AEEADCB4DC6C647D6E7C0B4EDA1744F
 |   |   |- Guid:E051597541B4C998010633A0C1018139 NativeClass:/Script/Engine.StaticMeshActor Name:StaticMeshActor_30 Label:SM_ChamferCube5 SpatiallyLoaded:true EditorBounds:IsValid=true, Min=(X=205.431 Y=1127.543 Z=0.063), Max=(X=416.756 Y=1338.868 Z=150.063) RuntimeBounds:IsValid=true, Min=(X=205.431 Y=1127.543 Z=0.063), Max=(X=416.756 Y=1338.868 Z=150.063) RuntimeGrid:None EditorOnly:false RuntimeOnly:false HLODRelevant:false ListedInSceneOutliner:true IsMainWorldOnly:false FolderPath:SimulatedCubes FolderGuid:9AEEADCB4DC6C647D6E7C0B4EDA1744F
 |   |   |- Guid:E5320C1B4FD9764CE7B54D8487AEC613 NativeClass:/Script/Engine.SkyLight Name:SkyLight_0 Label:SkyLight SpatiallyLoaded:false EditorBounds:IsValid=true, Min=(X=-1.000 Y=-1.000 Z=-1.000), Max=(X=1.000 Y=1.000 Z=690.000) RuntimeBounds:IsValid=true, Min=(X=0.000 Y=0.000 Z=690.000), Max=(X=0.000 Y=0.000 Z=690.000) RuntimeGrid:None EditorOnly:false RuntimeOnly:false HLODRelevant:false ListedInSceneOutliner:true IsMainWorldOnly:false FolderPath:Lighting FolderGuid:0BA5F0A04EADB18E70D5B180D08FA34B
 |   |   |- Guid:F07F1AF64C7C7C238EE1B4BF8C122DD8 NativeClass:/Script/Engine.StaticMeshActor Name:StaticMeshActor_4 Label:SM_Cube3 SpatiallyLoaded:true EditorBounds:IsValid=true, Min=(X=-1560.000 Y=1590.000 Z=0.000), Max=(X=1440.000 Y=1690.000 Z=400.000) RuntimeBounds:IsValid=true, Min=(X=-1560.000 Y=1590.000 Z=0.000), Max=(X=1440.000 Y=1690.000 Z=400.000) RuntimeGrid:None EditorOnly:false RuntimeOnly:false HLODRelevant:true ListedInSceneOutliner:true IsMainWorldOnly:false FolderPath:Playground FolderGuid:6C02BB504B69D1F3D7A624B130C18E5B
 |   |   |- Guid:F80621C9446867154938FE81375207DA NativeClass:/Script/Engine.DirectionalLight Name:DirectionalLight_1 Label:DirectionalLight SpatiallyLoaded:false EditorBounds:IsValid=false, Min=(X=0.000 Y=0.000 Z=0.000), Max=(X=0.000 Y=0.000 Z=0.000) RuntimeBounds:IsValid=false, Min=(X=0.000 Y=0.000 Z=0.000), Max=(X=0.000 Y=0.000 Z=0.000) RuntimeGrid:None EditorOnly:false RuntimeOnly:false HLODRelevant:false ListedInSceneOutliner:true IsMainWorldOnly:false FolderPath:Lighting FolderGuid:0BA5F0A04EADB18E70D5B180D08FA34B
 |   |   |- Guid:FE369CF94A071F9176E524A237CA92AA NativeClass:/Script/Engine.StaticMeshActor Name:StaticMeshActor_1 Label:SM_ChamferCube SpatiallyLoaded:true EditorBounds:IsValid=true, Min=(X=-468.301 Y=-1538.301 Z=0.013), Max=(X=-331.699 Y=-1401.699 Z=100.013) RuntimeBounds:IsValid=true, Min=(X=-468.301 Y=-1538.301 Z=0.013), Max=(X=-331.699 Y=-1401.699 Z=100.013) RuntimeGrid:None EditorOnly:false RuntimeOnly:false HLODRelevant:false ListedInSceneOutliner:true IsMainWorldOnly:false FolderPath:SimulatedCubes FolderGuid:9AEEADCB4DC6C647D6E7C0B4EDA1744F
 |   |- [+] Clusters:
 |   |   |- [+] [  0]
 |   |   |   |- Guid:014139064B272AE31FF877B819CB5734 NativeClass:/Script/Engine.StaticMeshActor Name:StaticMeshActor_8 Label:SM_ChamferCube3 SpatiallyLoaded:true EditorBounds:IsValid=true, Min=(X=-1302.452 Y=317.548 Z=0.063), Max=(X=-1097.548 Y=522.452 Z=150.063) RuntimeBounds:IsValid=true, Min=(X=-1302.452 Y=317.548 Z=0.063), Max=(X=-1097.548 Y=522.452 Z=150.063) RuntimeGrid:None EditorOnly:false RuntimeOnly:false HLODRelevant:false ListedInSceneOutliner:true IsMainWorldOnly:false FolderPath:SimulatedCubes FolderGuid:9AEEADCB4DC6C647D6E7C0B4EDA1744F
 |   |   |- [+] [  1]
 |   |   |   |- Guid:0EDB289B45CB7E0977A6DBA74201EE76 NativeClass:/Script/Engine.StaticMeshActor Name:StaticMeshActor_10 Label:SM_Cube6 SpatiallyLoaded:true EditorBounds:IsValid=true, Min=(X=1340.000 Y=-1710.000 Z=0.000), Max=(X=1440.000 Y=1590.000 Z=400.000) RuntimeBounds:IsValid=true, Min=(X=1340.000 Y=-1710.000 Z=0.000), Max=(X=1440.000 Y=1590.000 Z=400.000) RuntimeGrid:None EditorOnly:false RuntimeOnly:false HLODRelevant:true ListedInSceneOutliner:true IsMainWorldOnly:false FolderPath:Playground FolderGuid:6C02BB504B69D1F3D7A624B130C18E5B
 |   |   |- [+] [  2]
 |   |   |   |- Guid:21262252453B37957EF29F82ABA2413B NativeClass:/Script/Engine.TextRenderActor Name:TextRenderActor_1 Label:TextRenderActor SpatiallyLoaded:true EditorBounds:IsValid=true, Min=(X=-1688.100 Y=-708.000 Z=12.013), Max=(X=-1432.100 Y=683.461 Z=268.013) RuntimeBounds:IsValid=true, Min=(X=-1560.100 Y=-580.000 Z=65.013), Max=(X=-1560.100 Y=683.461 Z=215.013) RuntimeGrid:None EditorOnly:false RuntimeOnly:false HLODRelevant:false ListedInSceneOutliner:true IsMainWorldOnly:false
 |   |   |- [+] [  3]
 |   |   |   |- Guid:2A78EF094E089635A07B30AB9A046A81 NativeClass:/Script/Engine.StaticMeshActor Name:StaticMeshActor_47 Label:SM_ChamferCube13 SpatiallyLoaded:true EditorBounds:IsValid=true, Min=(X=-1309.703 Y=1284.568 Z=100.013), Max=(X=-1168.820 Y=1425.451 Z=200.013) RuntimeBounds:IsValid=true, Min=(X=-1309.703 Y=1284.568 Z=100.013), Max=(X=-1168.820 Y=1425.451 Z=200.013) RuntimeGrid:None EditorOnly:false RuntimeOnly:false HLODRelevant:false ListedInSceneOutliner:true IsMainWorldOnly:false FolderPath:SimulatedCubes FolderGuid:9AEEADCB4DC6C647D6E7C0B4EDA1744F
 |   |   |- [+] [  4]
 |   |   |   |- Guid:373BCADC4E0B3E726ED494AC5627B351 NativeClass:/Script/Engine.StaticMeshActor Name:StaticMeshActor_40 Label:SM_ChamferCube8 SpatiallyLoaded:true EditorBounds:IsValid=true, Min=(X=753.116 Y=-536.884 Z=0.063), Max=(X=926.884 Y=-363.116 Z=150.063) RuntimeBounds:IsValid=true, Min=(X=753.116 Y=-536.884 Z=0.063), Max=(X=926.884 Y=-363.116 Z=150.063) RuntimeGrid:None EditorOnly:false RuntimeOnly:false HLODRelevant:false ListedInSceneOutliner:true IsMainWorldOnly:false FolderPath:SimulatedCubes FolderGuid:9AEEADCB4DC6C647D6E7C0B4EDA1744F
 |   |   |- [+] [  5]
 |   |   |   |- Guid:503301344EDD2580C9B8269BA1FF0C83 NativeClass:/Script/Engine.StaticMeshActor Name:StaticMeshActor_29 Label:SM_ChamferCube4 SpatiallyLoaded:true EditorBounds:IsValid=true, Min=(X=-1225.662 Y=-1475.662 Z=0.063), Max=(X=-1014.338 Y=-1264.338 Z=150.063) RuntimeBounds:IsValid=true, Min=(X=-1225.662 Y=-1475.662 Z=0.063), Max=(X=-1014.338 Y=-1264.338 Z=150.063) RuntimeGrid:None EditorOnly:false RuntimeOnly:false HLODRelevant:false ListedInSceneOutliner:true IsMainWorldOnly:false FolderPath:SimulatedCubes FolderGuid:9AEEADCB4DC6C647D6E7C0B4EDA1744F
 |   |   |- [+] [  6]
 |   |   |   |- Guid:573177074D0ADB4DA9A357AE2A5CADA8 NativeClass:/Script/Engine.StaticMeshActor Name:StaticMeshActor_49 Label:SM_ChamferCube14 SpatiallyLoaded:true EditorBounds:IsValid=true, Min=(X=920.411 Y=492.371 Z=0.013), Max=(X=1020.411 Y=592.371 Z=100.013) RuntimeBounds:IsValid=true, Min=(X=920.411 Y=492.371 Z=0.013), Max=(X=1020.411 Y=592.371 Z=100.013) RuntimeGrid:None EditorOnly:false RuntimeOnly:false HLODRelevant:false ListedInSceneOutliner:true IsMainWorldOnly:false FolderPath:SimulatedCubes FolderGuid:9AEEADCB4DC6C647D6E7C0B4EDA1744F
 |   |   |- [+] [  7]
 |   |   |   |- Guid:5FE7584649BB6F09265329A6C57CFD0D NativeClass:/Script/Engine.VolumetricCloud Name:VolumetricCloud_0 Label:VolumetricCloud SpatiallyLoaded:false EditorBounds:IsValid=true, Min=(X=-128.000 Y=-128.000 Z=692.000), Max=(X=128.000 Y=128.000 Z=948.000) RuntimeBounds:IsValid=true, Min=(X=0.000 Y=0.000 Z=820.000), Max=(X=0.000 Y=0.000 Z=820.000) RuntimeGrid:None EditorOnly:false RuntimeOnly:false HLODRelevant:false ListedInSceneOutliner:true IsMainWorldOnly:false FolderPath:Lighting FolderGuid:0BA5F0A04EADB18E70D5B180D08FA34B
 |   |   |- [+] [  8]
 |   |   |   |- Guid:61391D344900612A77DFC3BA3E354907 NativeClass:/Script/Engine.ExponentialHeightFog Name:ExponentialHeightFog_0 Label:ExponentialHeightFog SpatiallyLoaded:false EditorBounds:IsValid=true, Min=(X=-5728.000 Y=-178.000 Z=-6978.000), Max=(X=-5472.000 Y=78.000 Z=-6722.000) RuntimeBounds:IsValid=true, Min=(X=-5600.000 Y=-50.000 Z=-6850.000), Max=(X=-5600.000 Y=-50.000 Z=-6850.000) RuntimeGrid:None EditorOnly:false RuntimeOnly:false HLODRelevant:false ListedInSceneOutliner:true IsMainWorldOnly:false FolderPath:Lighting FolderGuid:0BA5F0A04EADB18E70D5B180D08FA34B
 |   |   |- [+] [  9]
 |   |   |   |- Guid:6B9F7C52434CCF99C7551893412C2C21 NativeClass:/Script/Engine.StaticMeshActor Name:StaticMeshActor_51 Label:SM_ChamferCube16 SpatiallyLoaded:true EditorBounds:IsValid=true, Min=(X=920.411 Y=437.371 Z=100.013), Max=(X=1020.411 Y=537.371 Z=200.013) RuntimeBounds:IsValid=true, Min=(X=920.411 Y=437.371 Z=100.013), Max=(X=1020.411 Y=537.371 Z=200.013) RuntimeGrid:None EditorOnly:false RuntimeOnly:false HLODRelevant:false ListedInSceneOutliner:true IsMainWorldOnly:false FolderPath:SimulatedCubes FolderGuid:9AEEADCB4DC6C647D6E7C0B4EDA1744F
 |   |   |- [+] [ 10]
 |   |   |   |- Guid:6FEFB3BD4EB37B849EF0D4AC80F83855 NativeClass:/Script/Engine.WorldDataLayers Name:WorldDataLayers Label:WorldDataLayers SpatiallyLoaded:false EditorBounds:IsValid=false, Min=(X=0.000 Y=0.000 Z=0.000), Max=(X=0.000 Y=0.000 Z=0.000) RuntimeBounds:IsValid=false, Min=(X=0.000 Y=0.000 Z=0.000), Max=(X=0.000 Y=0.000 Z=0.000) RuntimeGrid:None EditorOnly:false RuntimeOnly:false HLODRelevant:false ListedInSceneOutliner:true IsMainWorldOnly:true
 |   |   |- [+] [ 11]
 |   |   |   |- Guid:764666EF4316C7851F06859A678454F2 NativeClass:/Script/Engine.StaticMeshActor Name:StaticMeshActor_46 Label:SM_ChamferCube12 SpatiallyLoaded:true EditorBounds:IsValid=true, Min=(X=-1355.665 Y=1246.000 Z=0.013), Max=(X=-1214.782 Y=1386.884 Z=100.013) RuntimeBounds:IsValid=true, Min=(X=-1355.665 Y=1246.000 Z=0.013), Max=(X=-1214.782 Y=1386.884 Z=100.013) RuntimeGrid:None EditorOnly:false RuntimeOnly:false HLODRelevant:false ListedInSceneOutliner:true IsMainWorldOnly:false FolderPath:SimulatedCubes FolderGuid:9AEEADCB4DC6C647D6E7C0B4EDA1744F
 |   |   |- [+] [ 12]
 |   |   |   |- Guid:78907B824E304E162A9A02B9095F1FA1 NativeClass:/Script/Engine.StaticMeshActor Name:StaticMeshActor_43 Label:SM_ChamferCube9 SpatiallyLoaded:true EditorBounds:IsValid=true, Min=(X=-368.708 Y=-1480.801 Z=0.013), Max=(X=-232.106 Y=-1344.199 Z=100.013) RuntimeBounds:IsValid=true, Min=(X=-368.708 Y=-1480.801 Z=0.013), Max=(X=-232.106 Y=-1344.199 Z=100.013) RuntimeGrid:None EditorOnly:false RuntimeOnly:false HLODRelevant:false ListedInSceneOutliner:true IsMainWorldOnly:false FolderPath:SimulatedCubes FolderGuid:9AEEADCB4DC6C647D6E7C0B4EDA1744F
 |   |   |- [+] [ 13]
 |   |   |   |- Guid:78CAF7514C7533F30BD2F19A017AAB65 NativeClass:/Script/Engine.StaticMeshActor Name:StaticMeshActor_0 Label:SM_Cube SpatiallyLoaded:true EditorBounds:IsValid=true, Min=(X=-1560.000 Y=-1680.000 Z=-50.000), Max=(X=1440.000 Y=1820.000 Z=0.000) RuntimeBounds:IsValid=true, Min=(X=-1560.000 Y=-1680.000 Z=-50.000), Max=(X=1440.000 Y=1820.000 Z=0.000) RuntimeGrid:None EditorOnly:false RuntimeOnly:false HLODRelevant:true ListedInSceneOutliner:true IsMainWorldOnly:false FolderPath:Playground FolderGuid:6C02BB504B69D1F3D7A624B130C18E5B
 |   |   |- [+] [ 14]
 |   |   |   |- Guid:7DCFF2144714F0843D87428AC48CE4F4 NativeClass:/Script/Engine.StaticMeshActor Name:StaticMeshActor_24 Label:SM_ChamferCube17 SpatiallyLoaded:true EditorBounds:IsValid=true, Min=(X=-1195.681 Y=-565.099 Z=0.013), Max=(X=-1067.509 Y=-436.927 Z=100.013) RuntimeBounds:IsValid=true, Min=(X=-1195.681 Y=-565.099 Z=0.013), Max=(X=-1067.509 Y=-436.927 Z=100.013) RuntimeGrid:None EditorOnly:false RuntimeOnly:false HLODRelevant:false ListedInSceneOutliner:true IsMainWorldOnly:false FolderPath:SimulatedCubes FolderGuid:9AEEADCB4DC6C647D6E7C0B4EDA1744F
 |   |   |- [+] [ 15]
 |   |   |   |- Guid:8559D1384B14F466E8927697A36C1D78 NativeClass:/Script/Engine.StaticMeshActor Name:StaticMeshActor_9 Label:SM_Cube5 SpatiallyLoaded:true EditorBounds:IsValid=true, Min=(X=-1560.000 Y=-1580.000 Z=0.000), Max=(X=-1460.000 Y=1720.000 Z=400.000) RuntimeBounds:IsValid=true, Min=(X=-1560.000 Y=-1580.000 Z=0.000), Max=(X=-1460.000 Y=1720.000 Z=400.000) RuntimeGrid:None EditorOnly:false RuntimeOnly:false HLODRelevant:true ListedInSceneOutliner:true IsMainWorldOnly:false FolderPath:Playground FolderGuid:6C02BB504B69D1F3D7A624B130C18E5B
 |   |   |- [+] [ 16]
 |   |   |   |- Guid:8E9EA0F84D0FC901D6ABCF911C08AEE3 NativeClass:/Script/Engine.StaticMeshActor Name:StaticMeshActor_50 Label:SM_ChamferCube15 SpatiallyLoaded:true EditorBounds:IsValid=true, Min=(X=920.411 Y=377.371 Z=0.013), Max=(X=1020.411 Y=477.371 Z=100.013) RuntimeBounds:IsValid=true, Min=(X=920.411 Y=377.371 Z=0.013), Max=(X=1020.411 Y=477.371 Z=100.013) RuntimeGrid:None EditorOnly:false RuntimeOnly:false HLODRelevant:false ListedInSceneOutliner:true IsMainWorldOnly:false FolderPath:SimulatedCubes FolderGuid:9AEEADCB4DC6C647D6E7C0B4EDA1744F
 |   |   |- [+] [ 17]
 |   |   |   |- Guid:90B7B8D3420C2EABA931D3A6A69DF696 NativeClass:/Script/Engine.StaticMeshActor Name:StaticMeshActor_3 Label:SM_Cube2 SpatiallyLoaded:true EditorBounds:IsValid=true, Min=(X=-1560.000 Y=-1680.000 Z=0.000), Max=(X=1440.000 Y=-1580.000 Z=400.000) RuntimeBounds:IsValid=true, Min=(X=-1560.000 Y=-1680.000 Z=0.000), Max=(X=1440.000 Y=-1580.000 Z=400.000) RuntimeGrid:None EditorOnly:false RuntimeOnly:false HLODRelevant:true ListedInSceneOutliner:true IsMainWorldOnly:false FolderPath:Playground FolderGuid:6C02BB504B69D1F3D7A624B130C18E5B
 |   |   |- [+] [ 18]
 |   |   |   |- Guid:A354B1B24E617A525DC6B48CCDE2417E NativeClass:/Script/Engine.PlayerStart Name:PlayerStart_0 Label:PlayerStart SpatiallyLoaded:false EditorBounds:IsValid=true, Min=(X=-128.000 Y=-128.000 Z=-128.000), Max=(X=240.000 Y=128.000 Z=128.000) RuntimeBounds:IsValid=true, Min=(X=-40.000 Y=-40.000 Z=-92.000), Max=(X=40.000 Y=40.000 Z=92.000) RuntimeGrid:None EditorOnly:false RuntimeOnly:false HLODRelevant:false ListedInSceneOutliner:true IsMainWorldOnly:false
 |   |   |- [+] [ 19]
 |   |   |   |- Guid:B0718D6846706384220C03973177EDC1 NativeClass:/Script/Engine.StaticMeshActor Name:StaticMeshActor_44 Label:SM_ChamferCube10 SpatiallyLoaded:true EditorBounds:IsValid=true, Min=(X=-420.670 Y=-1510.801 Z=100.013), Max=(X=-284.067 Y=-1374.199 Z=200.013) RuntimeBounds:IsValid=true, Min=(X=-420.670 Y=-1510.801 Z=100.013), Max=(X=-284.067 Y=-1374.199 Z=200.013) RuntimeGrid:None EditorOnly:false RuntimeOnly:false HLODRelevant:false ListedInSceneOutliner:true IsMainWorldOnly:false FolderPath:SimulatedCubes FolderGuid:9AEEADCB4DC6C647D6E7C0B4EDA1744F
 |   |   |- [+] [ 20]
 |   |   |   |- Guid:C0C56B9644AE3D40CAFF6A878DB29844 NativeClass:/Script/Engine.StaticMeshActor Name:StaticMeshActor_UAID_A4AE111137DC5EFB00_2001720423 Label:SM_SkySphere SpatiallyLoaded:false EditorBounds:IsValid=true, Min=(X=-1638400.000 Y=-1638400.000 Z=-1638400.000), Max=(X=1638400.000 Y=1638400.000 Z=1638400.000) RuntimeBounds:IsValid=true, Min=(X=-1638400.000 Y=-1638400.000 Z=-1638400.000), Max=(X=1638400.000 Y=1638400.000 Z=1638400.000) RuntimeGrid:None EditorOnly:false RuntimeOnly:false HLODRelevant:false ListedInSceneOutliner:true IsMainWorldOnly:false FolderPath:Lighting FolderGuid:0BA5F0A04EADB18E70D5B180D08FA34B
 |   |   |- [+] [ 21]
 |   |   |   |- Guid:C22CE07C4B87D685137FDBBC10FC92C6 NativeClass:/Script/Engine.SkyAtmosphere Name:SkyAtmosphere_0 Label:SkyAtmosphere SpatiallyLoaded:false EditorBounds:IsValid=true, Min=(X=-128.000 Y=-128.000 Z=892.000), Max=(X=240.000 Y=128.000 Z=1148.000) RuntimeBounds:IsValid=true, Min=(X=0.000 Y=0.000 Z=1020.000), Max=(X=0.000 Y=0.000 Z=1020.000) RuntimeGrid:None EditorOnly:false RuntimeOnly:false HLODRelevant:false ListedInSceneOutliner:true IsMainWorldOnly:false FolderPath:Lighting FolderGuid:0BA5F0A04EADB18E70D5B180D08FA34B
 |   |   |- [+] [ 22]
 |   |   |   |- Guid:CE8D82634660FCDB3120E2B8D547C533 NativeClass:/Script/Engine.PostProcessVolume Name:PostProcessVolume_0 Label:PostProcessVolume SpatiallyLoaded:false EditorBounds:IsValid=true, Min=(X=0.000 Y=0.000 Z=400.000), Max=(X=200.000 Y=200.000 Z=600.000) RuntimeBounds:IsValid=true, Min=(X=0.000 Y=0.000 Z=400.000), Max=(X=200.000 Y=200.000 Z=600.000) RuntimeGrid:None EditorOnly:false RuntimeOnly:false HLODRelevant:false ListedInSceneOutliner:true IsMainWorldOnly:false FolderPath:Lighting FolderGuid:0BA5F0A04EADB18E70D5B180D08FA34B
 |   |   |- [+] [ 23]
 |   |   |   |- Guid:D44940D943955A5965276FBBEA044017 NativeClass:/Script/Engine.StaticMeshActor Name:StaticMeshActor_20 Label:SM_ChamferCube2 SpatiallyLoaded:true EditorBounds:IsValid=true, Min=(X=-1235.013 Y=-673.163 Z=0.013), Max=(X=-1106.842 Y=-544.992 Z=100.013) RuntimeBounds:IsValid=true, Min=(X=-1235.013 Y=-673.163 Z=0.013), Max=(X=-1106.842 Y=-544.992 Z=100.013) RuntimeGrid:None EditorOnly:false RuntimeOnly:false HLODRelevant:false ListedInSceneOutliner:true IsMainWorldOnly:false FolderPath:SimulatedCubes FolderGuid:9AEEADCB4DC6C647D6E7C0B4EDA1744F
 |   |   |- [+] [ 24]
 |   |   |   |- Guid:D65CE26D4543AB64D3E1CE82A79B39D9 NativeClass:/Script/Engine.StaticMeshActor Name:StaticMeshActor_45 Label:SM_ChamferCube11 SpatiallyLoaded:true EditorBounds:IsValid=true, Min=(X=-1267.570 Y=1319.921 Z=0.013), Max=(X=-1126.687 Y=1460.804 Z=100.013) RuntimeBounds:IsValid=true, Min=(X=-1267.570 Y=1319.921 Z=0.013), Max=(X=-1126.687 Y=1460.804 Z=100.013) RuntimeGrid:None EditorOnly:false RuntimeOnly:false HLODRelevant:false ListedInSceneOutliner:true IsMainWorldOnly:false FolderPath:SimulatedCubes FolderGuid:9AEEADCB4DC6C647D6E7C0B4EDA1744F
 |   |   |- [+] [ 25]
 |   |   |   |- Guid:D935740A490176EB4702AF96F92450E8 NativeClass:/Script/Engine.StaticMeshActor Name:StaticMeshActor_38 Label:SM_ChamferCube18 SpatiallyLoaded:true EditorBounds:IsValid=true, Min=(X=-1216.202 Y=-621.480 Z=100.013), Max=(X=-1088.031 Y=-493.309 Z=200.013) RuntimeBounds:IsValid=true, Min=(X=-1216.202 Y=-621.480 Z=100.013), Max=(X=-1088.031 Y=-493.309 Z=200.013) RuntimeGrid:None EditorOnly:false RuntimeOnly:false HLODRelevant:false ListedInSceneOutliner:true IsMainWorldOnly:false FolderPath:SimulatedCubes FolderGuid:9AEEADCB4DC6C647D6E7C0B4EDA1744F
 |   |   |- [+] [ 26]
 |   |   |   |- Guid:E051597541B4C998010633A0C1018139 NativeClass:/Script/Engine.StaticMeshActor Name:StaticMeshActor_30 Label:SM_ChamferCube5 SpatiallyLoaded:true EditorBounds:IsValid=true, Min=(X=205.431 Y=1127.543 Z=0.063), Max=(X=416.756 Y=1338.868 Z=150.063) RuntimeBounds:IsValid=true, Min=(X=205.431 Y=1127.543 Z=0.063), Max=(X=416.756 Y=1338.868 Z=150.063) RuntimeGrid:None EditorOnly:false RuntimeOnly:false HLODRelevant:false ListedInSceneOutliner:true IsMainWorldOnly:false FolderPath:SimulatedCubes FolderGuid:9AEEADCB4DC6C647D6E7C0B4EDA1744F
 |   |   |- [+] [ 27]
 |   |   |   |- Guid:E5320C1B4FD9764CE7B54D8487AEC613 NativeClass:/Script/Engine.SkyLight Name:SkyLight_0 Label:SkyLight SpatiallyLoaded:false EditorBounds:IsValid=true, Min=(X=-1.000 Y=-1.000 Z=-1.000), Max=(X=1.000 Y=1.000 Z=690.000) RuntimeBounds:IsValid=true, Min=(X=0.000 Y=0.000 Z=690.000), Max=(X=0.000 Y=0.000 Z=690.000) RuntimeGrid:None EditorOnly:false RuntimeOnly:false HLODRelevant:false ListedInSceneOutliner:true IsMainWorldOnly:false FolderPath:Lighting FolderGuid:0BA5F0A04EADB18E70D5B180D08FA34B
 |   |   |- [+] [ 28]
 |   |   |   |- Guid:F07F1AF64C7C7C238EE1B4BF8C122DD8 NativeClass:/Script/Engine.StaticMeshActor Name:StaticMeshActor_4 Label:SM_Cube3 SpatiallyLoaded:true EditorBounds:IsValid=true, Min=(X=-1560.000 Y=1590.000 Z=0.000), Max=(X=1440.000 Y=1690.000 Z=400.000) RuntimeBounds:IsValid=true, Min=(X=-1560.000 Y=1590.000 Z=0.000), Max=(X=1440.000 Y=1690.000 Z=400.000) RuntimeGrid:None EditorOnly:false RuntimeOnly:false HLODRelevant:true ListedInSceneOutliner:true IsMainWorldOnly:false FolderPath:Playground FolderGuid:6C02BB504B69D1F3D7A624B130C18E5B
 |   |   |- [+] [ 29]
 |   |   |   |- Guid:F80621C9446867154938FE81375207DA NativeClass:/Script/Engine.DirectionalLight Name:DirectionalLight_1 Label:DirectionalLight SpatiallyLoaded:false EditorBounds:IsValid=false, Min=(X=0.000 Y=0.000 Z=0.000), Max=(X=0.000 Y=0.000 Z=0.000) RuntimeBounds:IsValid=false, Min=(X=0.000 Y=0.000 Z=0.000), Max=(X=0.000 Y=0.000 Z=0.000) RuntimeGrid:None EditorOnly:false RuntimeOnly:false HLODRelevant:false ListedInSceneOutliner:true IsMainWorldOnly:false FolderPath:Lighting FolderGuid:0BA5F0A04EADB18E70D5B180D08FA34B
 |   |   |- [+] [ 30]
 |   |   |   |- Guid:FE369CF94A071F9176E524A237CA92AA NativeClass:/Script/Engine.StaticMeshActor Name:StaticMeshActor_1 Label:SM_ChamferCube SpatiallyLoaded:true EditorBounds:IsValid=true, Min=(X=-468.301 Y=-1538.301 Z=0.013), Max=(X=-331.699 Y=-1401.699 Z=100.013) RuntimeBounds:IsValid=true, Min=(X=-468.301 Y=-1538.301 Z=0.013), Max=(X=-331.699 Y=-1401.699 Z=100.013) RuntimeGrid:None EditorOnly:false RuntimeOnly:false HLODRelevant:false ListedInSceneOutliner:true IsMainWorldOnly:false FolderPath:SimulatedCubes FolderGuid:9AEEADCB4DC6C647D6E7C0B4EDA1744F
 |- ContainerInstances:
 |- [+] MainContainer:
 |   |-        ID: 00000000000000000000000000000000
 |   |-  ParentID: 00000000000000000000000000000000
 |   |-    Bounds: IsValid=false, Min=(X=0.000 Y=0.000 Z=0.000), Max=(X=0.000 Y=0.000 Z=0.000)
 |   |- Transform: 0.000000,0.000000,0.000000|0.000000,0.000000,-0.000000|1.000000,1.000000,1.000000
 |   |- Container: /Game/Locked-In/Maps/FirstPersonMap
----------------------------------------------------------------------------------------------------------------
FirstPersonMap - Persistent Level
----------------------------------------------------------------------------------------------------------------
[+] Content of FirstPersonMap Persistent Level
 |- Always loaded Actor Count: 31 
 |- Actor Path: /Game/Locked-In/Maps/FirstPersonMap.FirstPersonMap:PersistentLevel.DirectionalLight_1
 |- Actor Package: /Game/__ExternalActors__/Locked-In/Maps/FirstPersonMap/7/XU/OHNYDW69FUHK3NFLWLUQFD
 |- Actor Path: /Game/Locked-In/Maps/FirstPersonMap.FirstPersonMap:PersistentLevel.ExponentialHeightFog_0
 |- Actor Package: /Game/__ExternalActors__/Locked-In/Maps/FirstPersonMap/3/A9/ZI4H1G2ET2UHKQHDWV5J4V
 |- Actor Path: /Game/Locked-In/Maps/FirstPersonMap.FirstPersonMap:PersistentLevel.PlayerStart_0
 |- Actor Package: /Game/__ExternalActors__/Locked-In/Maps/FirstPersonMap/E/2B/6BB5ZQNKMBU4YK5NAYL7N3
 |- Actor Path: /Game/Locked-In/Maps/FirstPersonMap.FirstPersonMap:PersistentLevel.PostProcessVolume_0
 |- Actor Package: /Game/__ExternalActors__/Locked-In/Maps/FirstPersonMap/2/IE/B1CDKVGYHDW8XYVVV9ZW3S
 |- Actor Path: /Game/Locked-In/Maps/FirstPersonMap.FirstPersonMap:PersistentLevel.SkyAtmosphere_0
 |- Actor Package: /Game/__ExternalActors__/Locked-In/Maps/FirstPersonMap/9/B9/6EPY8SGR1W1PF9AH05YZTS
 |- Actor Path: /Game/Locked-In/Maps/FirstPersonMap.FirstPersonMap:PersistentLevel.SkyLight_0
 |- Actor Package: /Game/__ExternalActors__/Locked-In/Maps/FirstPersonMap/A/L2/1N9FFJ1NSZTP1E9ZLI80R4
 |- Actor Path: /Game/Locked-In/Maps/FirstPersonMap.FirstPersonMap:PersistentLevel.StaticMeshActor_0
 |- Actor Package: /Game/__ExternalActors__/Locked-In/Maps/FirstPersonMap/8/TJ/SFKYUWECFVV57T5UHMPGQF
 |- Actor Path: /Game/Locked-In/Maps/FirstPersonMap.FirstPersonMap:PersistentLevel.StaticMeshActor_1
 |- Actor Package: /Game/__ExternalActors__/Locked-In/Maps/FirstPersonMap/7/L7/4I6ERE629GSJFH644KNYOA
 |- Actor Path: /Game/Locked-In/Maps/FirstPersonMap.FirstPersonMap:PersistentLevel.StaticMeshActor_10
 |- Actor Package: /Game/__ExternalActors__/Locked-In/Maps/FirstPersonMap/7/FN/K71E9IRU1O6UN34RECEQNM
 |- Actor Path: /Game/Locked-In/Maps/FirstPersonMap.FirstPersonMap:PersistentLevel.StaticMeshActor_20
 |- Actor Package: /Game/__ExternalActors__/Locked-In/Maps/FirstPersonMap/7/Y0/1GZFWM3QW8IM92PME05CR2
 |- Actor Path: /Game/Locked-In/Maps/FirstPersonMap.FirstPersonMap:PersistentLevel.StaticMeshActor_24
 |- Actor Package: /Game/__ExternalActors__/Locked-In/Maps/FirstPersonMap/6/33/0NWKKUEUSYRGBMUI155YT2
 |- Actor Path: /Game/Locked-In/Maps/FirstPersonMap.FirstPersonMap:PersistentLevel.StaticMeshActor_29
 |- Actor Package: /Game/__ExternalActors__/Locked-In/Maps/FirstPersonMap/3/Y9/S5B815X1E3W9RSZU3XU3G4
 |- Actor Path: /Game/Locked-In/Maps/FirstPersonMap.FirstPersonMap:PersistentLevel.StaticMeshActor_3
 |- Actor Package: /Game/__ExternalActors__/Locked-In/Maps/FirstPersonMap/3/E4/UM8A4WSVDPDRZKF12UPU5L
 |- Actor Path: /Game/Locked-In/Maps/FirstPersonMap.FirstPersonMap:PersistentLevel.StaticMeshActor_30
 |- Actor Package: /Game/__ExternalActors__/Locked-In/Maps/FirstPersonMap/A/LJ/NB5DZTSZIB7S4QO1NBCU84
 |- Actor Path: /Game/Locked-In/Maps/FirstPersonMap.FirstPersonMap:PersistentLevel.StaticMeshActor_38
 |- Actor Package: /Game/__ExternalActors__/Locked-In/Maps/FirstPersonMap/3/BH/EBKG8KKMA5SC6E1U1H4XNQ
 |- Actor Path: /Game/Locked-In/Maps/FirstPersonMap.FirstPersonMap:PersistentLevel.StaticMeshActor_4
 |- Actor Package: /Game/__ExternalActors__/Locked-In/Maps/FirstPersonMap/8/6V/0T71WVLO9F6KCPYDSLGEHZ
 |- Actor Path: /Game/Locked-In/Maps/FirstPersonMap.FirstPersonMap:PersistentLevel.StaticMeshActor_40
 |- Actor Package: /Game/__ExternalActors__/Locked-In/Maps/FirstPersonMap/D/6B/WZQOH0DRW20PYQ3O4J67HD
 |- Actor Path: /Game/Locked-In/Maps/FirstPersonMap.FirstPersonMap:PersistentLevel.StaticMeshActor_43
 |- Actor Package: /Game/__ExternalActors__/Locked-In/Maps/FirstPersonMap/8/3U/NWYT25V264Y59BUZ8454D3
 |- Actor Path: /Game/Locked-In/Maps/FirstPersonMap.FirstPersonMap:PersistentLevel.StaticMeshActor_44
 |- Actor Package: /Game/__ExternalActors__/Locked-In/Maps/FirstPersonMap/5/8G/CUPTFC43OMGFGCLBMWE6RW
 |- Actor Path: /Game/Locked-In/Maps/FirstPersonMap.FirstPersonMap:PersistentLevel.StaticMeshActor_45
 |- Actor Package: /Game/__ExternalActors__/Locked-In/Maps/FirstPersonMap/8/HO/713E2CEGW047OMPCRL1CH0
 |- Actor Path: /Game/Locked-In/Maps/FirstPersonMap.FirstPersonMap:PersistentLevel.StaticMeshActor_46
 |- Actor Package: /Game/__ExternalActors__/Locked-In/Maps/FirstPersonMap/2/AM/30WHU8R6S4SXYVW0O64N4G
 |- Actor Path: /Game/Locked-In/Maps/FirstPersonMap.FirstPersonMap:PersistentLevel.StaticMeshActor_47
 |- Actor Package: /Game/__ExternalActors__/Locked-In/Maps/FirstPersonMap/5/F3/M4237SL042E8IB8YZ27SW9
 |- Actor Path: /Game/Locked-In/Maps/FirstPersonMap.FirstPersonMap:PersistentLevel.StaticMeshActor_49
 |- Actor Package: /Game/__ExternalActors__/Locked-In/Maps/FirstPersonMap/7/NS/MDWENFKZT73BJDF6WJSZ0Q
 |- Actor Path: /Game/Locked-In/Maps/FirstPersonMap.FirstPersonMap:PersistentLevel.StaticMeshActor_50
 |- Actor Package: /Game/__ExternalActors__/Locked-In/Maps/FirstPersonMap/0/44/Q614P3J5JXOL73B8523U4W
 |- Actor Path: /Game/Locked-In/Maps/FirstPersonMap.FirstPersonMap:PersistentLevel.StaticMeshActor_51
 |- Actor Package: /Game/__ExternalActors__/Locked-In/Maps/FirstPersonMap/7/9Y/2TOFH8D4LVGMFJF3Z6IJCQ
 |- Actor Path: /Game/Locked-In/Maps/FirstPersonMap.FirstPersonMap:PersistentLevel.StaticMeshActor_8
 |- Actor Package: /Game/__ExternalActors__/Locked-In/Maps/FirstPersonMap/D/0Z/Z5HQDBOFG3KBKTXK5F8R9T
 |- Actor Path: /Game/Locked-In/Maps/FirstPersonMap.FirstPersonMap:PersistentLevel.StaticMeshActor_9
 |- Actor Package: /Game/__ExternalActors__/Locked-In/Maps/FirstPersonMap/7/MD/6T46JT32XZYBWKVWTZS5B5
 |- Actor Path: /Game/Locked-In/Maps/FirstPersonMap.FirstPersonMap:PersistentLevel.StaticMeshActor_UAID_A4AE111137DC5EFB00_2001720423
 |- Actor Package: /Game/__ExternalActors__/Locked-In/Maps/FirstPersonMap/3/WP/8K74W6HU99ZTPEJIGQ6YLG
 |- Actor Path: /Game/Locked-In/Maps/FirstPersonMap.FirstPersonMap:PersistentLevel.TextRenderActor_1
 |- Actor Package: /Game/__ExternalActors__/Locked-In/Maps/FirstPersonMap/6/S7/9J3VB8HFO3THGYXUBXBEDN
 |- Actor Path: /Game/Locked-In/Maps/FirstPersonMap.FirstPersonMap:PersistentLevel.VolumetricCloud_0
 |- Actor Package: /Game/__ExternalActors__/Locked-In/Maps/FirstPersonMap/C/ZV/FXHDKTTO5TV8358ITT9710
 |- Actor Path: /Game/Locked-In/Maps/FirstPersonMap.FirstPersonMap:PersistentLevel.WorldDataLayers
 |- Actor Package: /Game/__ExternalActors__/Locked-In/Maps/FirstPersonMap/9/GE/SQTFOHCOFRQ2BGRQ5WS1WM

----------------------------------------------------------------------------------------------------------------
FirstPersonMap - Runtime Hash Set
----------------------------------------------------------------------------------------------------------------

